<?xml version="1.0" encoding="UTF-8"?>
<testsuite name="com.soumitra.demo.DemoApplicationTests" tests="1" skipped="0" failures="0" errors="0" timestamp="2021-09-29T18:09:40" hostname="urjanetlaptop-172" time="0.171">
  <properties/>
  <testcase name="contextLoads()" classname="com.soumitra.demo.DemoApplicationTests" time="0.171"/>
  <system-out><![CDATA[23:39:36.006 [Test worker] DEBUG org.springframework.test.context.BootstrapUtils - Instantiating CacheAwareContextLoaderDelegate from class [org.springframework.test.context.cache.DefaultCacheAwareContextLoaderDelegate]
23:39:36.017 [Test worker] DEBUG org.springframework.test.context.BootstrapUtils - Instantiating BootstrapContext using constructor [public org.springframework.test.context.support.DefaultBootstrapContext(java.lang.Class,org.springframework.test.context.CacheAwareContextLoaderDelegate)]
23:39:36.043 [Test worker] DEBUG org.springframework.test.context.BootstrapUtils - Instantiating TestContextBootstrapper for test class [com.soumitra.demo.DemoApplicationTests] from class [org.springframework.boot.test.context.SpringBootTestContextBootstrapper]
23:39:36.055 [Test worker] INFO org.springframework.boot.test.context.SpringBootTestContextBootstrapper - Neither @ContextConfiguration nor @ContextHierarchy found for test class [com.soumitra.demo.DemoApplicationTests], using SpringBootContextLoader
23:39:36.058 [Test worker] DEBUG org.springframework.test.context.support.AbstractContextLoader - Did not detect default resource location for test class [com.soumitra.demo.DemoApplicationTests]: class path resource [com/soumitra/demo/DemoApplicationTests-context.xml] does not exist
23:39:36.059 [Test worker] DEBUG org.springframework.test.context.support.AbstractContextLoader - Did not detect default resource location for test class [com.soumitra.demo.DemoApplicationTests]: class path resource [com/soumitra/demo/DemoApplicationTestsContext.groovy] does not exist
23:39:36.059 [Test worker] INFO org.springframework.test.context.support.AbstractContextLoader - Could not detect default resource locations for test class [com.soumitra.demo.DemoApplicationTests]: no resource found for suffixes {-context.xml, Context.groovy}.
23:39:36.060 [Test worker] INFO org.springframework.test.context.support.AnnotationConfigContextLoaderUtils - Could not detect default configuration classes for test class [com.soumitra.demo.DemoApplicationTests]: DemoApplicationTests does not declare any static, non-private, non-final, nested classes annotated with @Configuration.
23:39:36.093 [Test worker] DEBUG org.springframework.test.context.support.ActiveProfilesUtils - Could not find an 'annotation declaring class' for annotation type [org.springframework.test.context.ActiveProfiles] and class [com.soumitra.demo.DemoApplicationTests]
23:39:36.152 [Test worker] DEBUG org.springframework.context.annotation.ClassPathScanningCandidateComponentProvider - Identified candidate component class: file [/home/soumitragoswami/Documents/MyProjects/demo (2)/demo/build/classes/java/main/com/soumitra/demo/DemoApplication.class]
23:39:36.153 [Test worker] INFO org.springframework.boot.test.context.SpringBootTestContextBootstrapper - Found @SpringBootConfiguration com.soumitra.demo.DemoApplication for test class com.soumitra.demo.DemoApplicationTests
23:39:36.243 [Test worker] DEBUG org.springframework.boot.test.context.SpringBootTestContextBootstrapper - @TestExecutionListeners is not present for class [com.soumitra.demo.DemoApplicationTests]: using defaults.
23:39:36.243 [Test worker] INFO org.springframework.boot.test.context.SpringBootTestContextBootstrapper - Loaded default TestExecutionListener class names from location [META-INF/spring.factories]: [org.springframework.security.test.context.support.WithSecurityContextTestExecutionListener, org.springframework.security.test.context.support.ReactorContextTestExecutionListener, org.springframework.boot.test.autoconfigure.restdocs.RestDocsTestExecutionListener, org.springframework.boot.test.autoconfigure.web.client.MockRestServiceServerResetTestExecutionListener, org.springframework.boot.test.autoconfigure.web.servlet.MockMvcPrintOnlyOnFailureTestExecutionListener, org.springframework.boot.test.autoconfigure.web.servlet.WebDriverTestExecutionListener, org.springframework.boot.test.mock.mockito.MockitoTestExecutionListener, org.springframework.boot.test.mock.mockito.ResetMocksTestExecutionListener, org.springframework.test.context.web.ServletTestExecutionListener, org.springframework.test.context.support.DirtiesContextBeforeModesTestExecutionListener, org.springframework.test.context.support.DependencyInjectionTestExecutionListener, org.springframework.test.context.support.DirtiesContextTestExecutionListener, org.springframework.test.context.transaction.TransactionalTestExecutionListener, org.springframework.test.context.jdbc.SqlScriptsTestExecutionListener, org.springframework.test.context.event.EventPublishingTestExecutionListener]
23:39:36.271 [Test worker] INFO org.springframework.boot.test.context.SpringBootTestContextBootstrapper - Using TestExecutionListeners: [org.springframework.test.context.web.ServletTestExecutionListener@77128536, org.springframework.test.context.support.DirtiesContextBeforeModesTestExecutionListener@58326051, org.springframework.boot.test.mock.mockito.MockitoTestExecutionListener@32c4e8b2, org.springframework.boot.test.autoconfigure.SpringBootDependencyInjectionTestExecutionListener@64bce832, org.springframework.test.context.support.DirtiesContextTestExecutionListener@764faa6, org.springframework.test.context.transaction.TransactionalTestExecutionListener@4c1f22f3, org.springframework.test.context.jdbc.SqlScriptsTestExecutionListener@598bd2ba, org.springframework.security.test.context.support.WithSecurityContextTestExecutionListener@5a755cc1, org.springframework.test.context.event.EventPublishingTestExecutionListener@7ae42ce3, org.springframework.security.test.context.support.ReactorContextTestExecutionListener@4f5991f6, org.springframework.boot.test.autoconfigure.restdocs.RestDocsTestExecutionListener@484094a5, org.springframework.boot.test.autoconfigure.web.client.MockRestServiceServerResetTestExecutionListener@38234a38, org.springframework.boot.test.autoconfigure.web.servlet.MockMvcPrintOnlyOnFailureTestExecutionListener@63fbfaeb, org.springframework.boot.test.autoconfigure.web.servlet.WebDriverTestExecutionListener@602e0143, org.springframework.boot.test.mock.mockito.ResetMocksTestExecutionListener@2c07545f]
23:39:36.276 [Test worker] DEBUG org.springframework.test.context.support.AbstractDirtiesContextTestExecutionListener - Before test class: context [DefaultTestContext@45312be2 testClass = DemoApplicationTests, testInstance = [null], testMethod = [null], testException = [null], mergedContextConfiguration = [WebMergedContextConfiguration@7fb95505 testClass = DemoApplicationTests, locations = '{}', classes = '{class com.soumitra.demo.DemoApplication}', contextInitializerClasses = '[]', activeProfiles = '{}', propertySourceLocations = '{}', propertySourceProperties = '{org.springframework.boot.test.context.SpringBootTestContextBootstrapper=true}', contextCustomizers = set[org.springframework.boot.test.autoconfigure.properties.PropertyMappingContextCustomizer@0, org.springframework.boot.test.autoconfigure.web.servlet.WebDriverContextCustomizerFactory$Customizer@6d60fe40, org.springframework.boot.test.context.filter.ExcludeFilterContextCustomizer@302c971f, org.springframework.boot.test.json.DuplicateJsonObjectContextCustomizerFactory$DuplicateJsonObjectContextCustomizer@35841320, org.springframework.boot.test.mock.mockito.MockitoContextCustomizer@0, org.springframework.boot.test.web.client.TestRestTemplateContextCustomizer@4d1bf319, org.springframework.boot.test.context.SpringBootTestArgs@1, org.springframework.boot.test.context.SpringBootTestWebEnvironment@769f71a9], resourceBasePath = 'src/main/webapp', contextLoader = 'org.springframework.boot.test.context.SpringBootContextLoader', parent = [null]], attributes = map['org.springframework.test.context.web.ServletTestExecutionListener.activateListener' -> true]], class annotated with @DirtiesContext [false] with mode [null].
23:39:36.298 [Test worker] DEBUG org.springframework.test.context.support.TestPropertySourceUtils - Adding inlined properties to environment: {spring.jmx.enabled=false, org.springframework.boot.test.context.SpringBootTestContextBootstrapper=true, server.port=-1}

  .   ____          _            __ _ _
 /\\ / ___'_ __ _ _(_)_ __  __ _ \ \ \ \
( ( )\___ | '_ | '_| | '_ \/ _` | \ \ \ \
 \\/  ___)| |_)| | | | | || (_| |  ) ) ) )
  '  |____| .__|_| |_|_| |_\__, | / / / /
 =========|_|==============|___/=/_/_/_/
 :: Spring Boot ::       (v2.2.12.RELEASE)

2021-09-29 23:39:36.485  INFO 10707 --- [    Test worker] com.soumitra.demo.DemoApplicationTests   : Starting DemoApplicationTests on urjanetlaptop-172 with PID 10707 (started by soumitragoswami in /home/soumitragoswami/Documents/MyProjects/demo (2)/demo)
2021-09-29 23:39:36.487  INFO 10707 --- [    Test worker] com.soumitra.demo.DemoApplicationTests   : No active profile set, falling back to default profiles: default
2021-09-29 23:39:37.822  INFO 10707 --- [    Test worker] trationDelegate$BeanPostProcessorChecker : Bean 'org.springframework.security.access.expression.method.DefaultMethodSecurityExpressionHandler@58ba5b30' of type [org.springframework.security.access.expression.method.DefaultMethodSecurityExpressionHandler] is not eligible for getting processed by all BeanPostProcessors (for example: not eligible for auto-proxying)
2021-09-29 23:39:37.833  INFO 10707 --- [    Test worker] trationDelegate$BeanPostProcessorChecker : Bean 'methodSecurityMetadataSource' of type [org.springframework.security.access.method.DelegatingMethodSecurityMetadataSource] is not eligible for getting processed by all BeanPostProcessors (for example: not eligible for auto-proxying)
2021-09-29 23:39:38.855  INFO 10707 --- [    Test worker] o.s.s.web.DefaultSecurityFilterChain     : Creating filter chain: any request, [org.springframework.security.web.context.request.async.WebAsyncManagerIntegrationFilter@2abc8034, org.springframework.security.web.context.SecurityContextPersistenceFilter@51fc862e, org.springframework.security.web.header.HeaderWriterFilter@484149eb, org.springframework.security.web.csrf.CsrfFilter@4e3e11b9, org.springframework.security.web.authentication.logout.LogoutFilter@66522ead, org.springframework.security.web.savedrequest.RequestCacheAwareFilter@fe09383, org.springframework.security.web.servletapi.SecurityContextHolderAwareRequestFilter@7bdf61ad, org.springframework.security.web.authentication.AnonymousAuthenticationFilter@467b0f6e, org.springframework.security.web.session.SessionManagementFilter@61874b9d, org.springframework.security.web.access.ExceptionTranslationFilter@45b32dfe, org.springframework.security.web.access.intercept.FilterSecurityInterceptor@2668c286]
2021-09-29 23:39:39.353  INFO 10707 --- [    Test worker] o.s.s.concurrent.ThreadPoolTaskExecutor  : Initializing ExecutorService 'applicationTaskExecutor'
2021-09-29 23:39:39.954  INFO 10707 --- [    Test worker] o.s.b.a.e.web.EndpointLinksResolver      : Exposing 2 endpoint(s) beneath base path '/actuator'
2021-09-29 23:39:40.019  INFO 10707 --- [    Test worker] com.soumitra.demo.DemoApplicationTests   : Started DemoApplicationTests in 3.714 seconds (JVM running for 4.76)
]]></system-out>
  <system-err><![CDATA[]]></system-err>
</testsuite>
